#
# There is insufficient memory for the Java Runtime Environment to continue.
# Native memory allocation (malloc) failed to allocate 1048576 bytes for AllocateHeap
# Possible reasons:
#   The system is out of physical RAM or swap space
#   In 32 bit mode, the process size limit was hit
# Possible solutions:
#   Reduce memory load on the system
#   Increase physical memory or swap space
#   Check if swap backing store is full
#   Use 64 bit Java on a 64 bit OS
#   Decrease Java heap size (-Xmx/-Xms)
#   Decrease number of Java threads
#   Decrease Java thread stack sizes (-Xss)
#   Set larger code cache with -XX:ReservedCodeCacheSize=
# This output file may be truncated or incomplete.
#
#  Out of Memory Error (memory/allocation.inline.hpp:61), pid=11068, tid=0x0000000000002c94
#
# JRE version:  (8.0_131-b11) (build )
# Java VM: Java HotSpot(TM) 64-Bit Server VM (25.131-b11 mixed mode windows-amd64 compressed oops)
# Failed to write core dump. Minidumps are not enabled by default on client versions of Windows
#

---------------  T H R E A D  ---------------

Current thread (0x000000000251f000):  JavaThread "Unknown thread" [_thread_in_vm, id=11412, stack(0x0000000002790000,0x0000000002890000)]

Stack: [0x0000000002790000,0x0000000002890000]
[error occurred during error reporting (printing stack bounds), id 0xc0000005]

Native frames: (J=compiled Java code, j=interpreted, Vv=VM code, C=native code)


---------------  P R O C E S S  ---------------

Java Threads: ( => current thread )

Other Threads:

=>0x000000000251f000 (exited) JavaThread "Unknown thread" [_thread_in_vm, id=11412, stack(0x0000000002790000,0x0000000002890000)]

VM state:not at safepoint (normal execution)

VM Mutex/Monitor currently owned by a thread: None

Heap:
 PSYoungGen      total 38400K, used 665K [0x00000000d5980000, 0x00000000d8400000, 0x0000000100000000)
  eden space 33280K, 2% used [0x00000000d5980000,0x00000000d5a26670,0x00000000d7a00000)
  from space 5120K, 0% used [0x00000000d7f00000,0x00000000d7f00000,0x00000000d8400000)
  to   space 5120K, 0% used [0x00000000d7a00000,0x00000000d7a00000,0x00000000d7f00000)
 ParOldGen       total 87552K, used 0K [0x0000000080c00000, 0x0000000086180000, 0x00000000d5980000)
  object space 87552K, 0% used [0x0000000080c00000,0x0000000080c00000,0x0000000086180000)
 Metaspace       used 770K, capacity 4480K, committed 4480K, reserved 1056768K
  class space    used 75K, capacity 384K, committed 384K, reserved 1048576K

Card table byte_map: [0x0000000011e00000,0x0000000012200000] byte_map_base: 0x00000000119fa000

Marking Bits: (ParMarkBitMap*) 0x000000007053c720
 Begin Bits: [0x0000000013060000, 0x0000000015030000)
 End Bits:   [0x0000000015030000, 0x0000000017000000)

Polling page: 0x0000000000530000

CodeCache: size=245760Kb used=328Kb max_used=328Kb free=245431Kb
 bounds [0x0000000002a40000, 0x0000000002cb0000, 0x0000000011a40000]
 total_blobs=58 nmethods=0 adapters=38
 compilation: enabled

Compilation events (0 events):
No events

GC Heap History (0 events):
No events

Deoptimization events (0 events):
No events

Internal exceptions (0 events):
No events

Events (10 events):
Event: 0.032 loading class java/lang/Short
Event: 0.032 loading class java/lang/Short done
Event: 0.032 loading class java/lang/Integer
Event: 0.032 loading class java/lang/Integer done
Event: 0.032 loading class java/lang/Long
Event: 0.032 loading class java/lang/Long done
Event: 0.033 loading class java/lang/NullPointerException
Event: 0.033 loading class java/lang/NullPointerException done
Event: 0.033 loading class java/lang/ArithmeticException
Event: 0.033 loading class java/lang/ArithmeticException done


Dynamic libraries:
0x000000013f800000 - 0x000000013f837000 	D:\Program Files\Java8\jdk1.8.0_131\bin\java.exe
0x0000000077c90000 - 0x0000000077e2f000 	C:\Windows\SYSTEM32\ntdll.dll
0x0000000077b70000 - 0x0000000077c8f000 	C:\Windows\system32\kernel32.dll
0x000007fefd9c0000 - 0x000007fefda2a000 	C:\Windows\system32\KERNELBASE.dll
0x000007fefe270000 - 0x000007fefe34b000 	C:\Windows\system32\ADVAPI32.dll
0x000007fefe1d0000 - 0x000007fefe26f000 	C:\Windows\system32\msvcrt.dll
0x000007fefe490000 - 0x000007fefe4af000 	C:\Windows\SYSTEM32\sechost.dll
0x000007feff950000 - 0x000007feffa7d000 	C:\Windows\system32\RPCRT4.dll
0x0000000077a70000 - 0x0000000077b6a000 	C:\Windows\system32\USER32.dll
0x000007fefe160000 - 0x000007fefe1c7000 	C:\Windows\system32\GDI32.dll
0x000007fefff70000 - 0x000007fefff7e000 	C:\Windows\system32\LPK.dll
0x000007fefe350000 - 0x000007fefe41b000 	C:\Windows\system32\USP10.dll
0x000007fefbef0000 - 0x000007fefc0e4000 	C:\Windows\WinSxS\amd64_microsoft.windows.common-controls_6595b64144ccf1df_6.0.7601.18837_none_fa3b1e3d17594757\COMCTL32.dll
0x000007fefddf0000 - 0x000007fefde61000 	C:\Windows\system32\SHLWAPI.dll
0x000007feff650000 - 0x000007feff67e000 	C:\Windows\system32\IMM32.DLL
0x000007feffe60000 - 0x000007fefff69000 	C:\Windows\system32\MSCTF.dll
0x000000006b510000 - 0x000000006b5e2000 	D:\Program Files\Java8\jdk1.8.0_131\jre\bin\msvcr100.dll
0x000000006fd20000 - 0x00000000705bc000 	D:\Program Files\Java8\jdk1.8.0_131\jre\bin\server\jvm.dll
0x000007fefc680000 - 0x000007fefc689000 	C:\Windows\system32\WSOCK32.dll
0x000007fefdda0000 - 0x000007fefdded000 	C:\Windows\system32\WS2_32.dll
0x000007fefe420000 - 0x000007fefe428000 	C:\Windows\system32\NSI.dll
0x000007fefb2c0000 - 0x000007fefb2fb000 	C:\Windows\system32\WINMM.dll
0x000007fefc9f0000 - 0x000007fefc9fc000 	C:\Windows\system32\VERSION.dll
0x0000000077e40000 - 0x0000000077e47000 	C:\Windows\system32\PSAPI.DLL
0x0000000074340000 - 0x000000007434f000 	D:\Program Files\Java8\jdk1.8.0_131\jre\bin\verify.dll
0x000000006e590000 - 0x000000006e5b9000 	D:\Program Files\Java8\jdk1.8.0_131\jre\bin\java.dll
0x0000000056560000 - 0x0000000056583000 	D:\Program Files\Java8\jdk1.8.0_131\jre\bin\instrument.dll
0x000000006e450000 - 0x000000006e466000 	D:\Program Files\Java8\jdk1.8.0_131\jre\bin\zip.dll

VM Arguments:
jvm_args: -XX:TieredStopAtLevel=1 -Xverify:none -Dspring.output.ansi.enabled=always -Dcom.sun.management.jmxremote -Dcom.sun.management.jmxremote.port=54461 -Dcom.sun.management.jmxremote.authenticate=false -Dcom.sun.management.jmxremote.ssl=false -Djava.rmi.server.hostname=localhost -Dspring.liveBeansView.mbeanDomain -Dspring.application.admin.enabled=true -javaagent:C:\Program Files\JetBrains\IntelliJ IDEA 2018.2.2\lib\idea_rt.jar=54462:C:\Program Files\JetBrains\IntelliJ IDEA 2018.2.2\bin -Dfile.encoding=UTF-8 
java_command: com.artoncp.spgradle.SpGradleApplication
java_class_path (initial): D:\Program Files\Java8\jdk1.8.0_131\jre\lib\charsets.jar;D:\Program Files\Java8\jdk1.8.0_131\jre\lib\deploy.jar;D:\Program Files\Java8\jdk1.8.0_131\jre\lib\ext\access-bridge-64.jar;D:\Program Files\Java8\jdk1.8.0_131\jre\lib\ext\cldrdata.jar;D:\Program Files\Java8\jdk1.8.0_131\jre\lib\ext\dnsns.jar;D:\Program Files\Java8\jdk1.8.0_131\jre\lib\ext\jaccess.jar;D:\Program Files\Java8\jdk1.8.0_131\jre\lib\ext\jfxrt.jar;D:\Program Files\Java8\jdk1.8.0_131\jre\lib\ext\localedata.jar;D:\Program Files\Java8\jdk1.8.0_131\jre\lib\ext\nashorn.jar;D:\Program Files\Java8\jdk1.8.0_131\jre\lib\ext\sunec.jar;D:\Program Files\Java8\jdk1.8.0_131\jre\lib\ext\sunjce_provider.jar;D:\Program Files\Java8\jdk1.8.0_131\jre\lib\ext\sunmscapi.jar;D:\Program Files\Java8\jdk1.8.0_131\jre\lib\ext\sunpkcs11.jar;D:\Program Files\Java8\jdk1.8.0_131\jre\lib\ext\zipfs.jar;D:\Program Files\Java8\jdk1.8.0_131\jre\lib\javaws.jar;D:\Program Files\Java8\jdk1.8.0_131\jre\lib\jce.jar;D:\Program Files\Java8\jdk1.8.0_131\jre\lib\jfr.jar;D:\Program Files\Java8\jdk1.8.0_131\jre\lib\jfxswt.jar;D:\Program Files\Java8\jdk1.8.0_131\jre\lib\jsse.jar;D:\Program Files\Java8\jdk1.8.0_131\jre\lib\management-agent.jar;D:\Program Files\Java8\jdk1.8.0_131\jre\lib\plugin.jar;D:\Program Files\Java8\jdk1.8.0_131\jre\lib\resources.jar;D:\Program Files\Java8\jdk1.8.0_131\jre\lib\rt.jar;F:\station\projects\artopcn\sps-gradle\out\production\classes;F:\station\projects\artopcn\sps-gradle\out\production\resources;D:\gradleRepository\caches\modules-2\files-2.1\org.springframework.boot\spring-boot-starter-data-jpa\2.0.4.RELEASE\69970d3a7c353d8e727e2c6b2a9e621114f5e089\spring-boot-starter-data-jpa-2.0.4.RELEASE.jar;D:\gradleRepository\caches\modules-2\files-2.1\org.springframework.boot\spring-boot-starter-tomcat\2.0.4.RELEASE\dcf28989a34b0801fea0e810c371fb9dab1e7784\spring-boot-starter-tomcat-2.0.4.RELEASE.jar;D:\gradleRepository\caches\modules-2\files-2.1\javax.annotation\javax.annotation-api\1.3.2\934c04d
Launcher Type: SUN_STANDARD

Environment Variables:
JAVA_HOME=D:\Program Files\Java8\jdk1.8.0_131
CLASSPATH=.;D:\Program Files\Java8\jdk1.8.0_131\lib;D:\Program Files\Java8\jdk1.8.0_131\lib\tools.jar%JMETER_HOME\lib\ext\ApacheJMeter_core.jar;D:\Program Files\apache-jmeter-4.0\lib\jorphan.jar;D:\Program Files\apache-jmeter-4.0\lib\logkit-2.0.jar;
PATH=C:\ProgramData\Oracle\Java\javapath;c:\Program Files (x86)\Intel\iCLS Client\;c:\Program Files\Intel\iCLS Client\;C:\Windows\system32;C:\Windows;C:\Windows\System32\Wbem;C:\Windows\System32\WindowsPowerShell\v1.0\;C:\Program Files\Intel\Intel(R) Management Engine Components\DAL;C:\Program Files\Intel\Intel(R) Management Engine Components\IPT;C:\Program Files (x86)\Intel\Intel(R) Management Engine Components\DAL;C:\Program Files (x86)\Intel\Intel(R) Management Engine Components\IPT;D:\Program Files\Java8\jdk1.8.0_131\bin;D:\Program Files\Java8\jdk1.8.0_131\jre\bin;D:\Program Files\MySQL\MySQL Server 5.6;F:\apache-maven-3.5.3\bin;C:\Program Files\nodejs\;C:\Program Files\Git\cmd;D:\Program Files\Python;F:\apache-maven-3.5.3\bin;F:\gradle-4.10\bin;C:\Users\Administrator\AppData\Roaming\npm
USERNAME=Administrator
OS=Windows_NT
PROCESSOR_IDENTIFIER=Intel64 Family 6 Model 60 Stepping 3, GenuineIntel



---------------  S Y S T E M  ---------------

OS: Windows 7 , 64 bit Build 7601 (6.1.7601.24168)

CPU:total 8 (initial active 8) (4 cores per cpu, 2 threads per core) family 6 model 60 stepping 3, cmov, cx8, fxsr, mmx, sse, sse2, sse3, ssse3, sse4.1, sse4.2, popcnt, avx, avx2, aes, clmul, erms, lzcnt, ht, tsc, tscinvbit, bmi1, bmi2

Memory: 4k page, physical 8338364k(1763952k free), swap 8336488k(5516k free)

vm_info: Java HotSpot(TM) 64-Bit Server VM (25.131-b11) for windows-amd64 JRE (1.8.0_131-b11), built on Mar 15 2017 01:23:53 by "java_re" with MS VC++ 10.0 (VS2010)

time: Tue Sep 04 19:14:17 2018
elapsed time: 0 seconds (0d 0h 0m 0s)

